[00:50:32] [main/INFO]: Environment: authHost='https://authserver.mojang.com', accountsHost='https://api.mojang.com', sessionHost='https://sessionserver.mojang.com', servicesHost='https://api.minecraftservices.com', name='PROD'
[00:50:32] [main/INFO]: Found new data pack file/bukkit, loading it automatically
[00:50:33] [main/INFO]: Reloading ResourceManager: Default, bukkit
[00:50:34] [Worker-Main-1/INFO]: Loaded 7 recipes
[00:50:36] [Server thread/INFO]: Starting minecraft server version 1.17.1
[00:50:36] [Server thread/WARN]: ****************************
[00:50:36] [Server thread/WARN]: YOU ARE RUNNING THIS SERVER AS AN ADMINISTRATIVE OR ROOT USER. THIS IS NOT ADVISED.
[00:50:36] [Server thread/WARN]: YOU ARE OPENING YOURSELF UP TO POTENTIAL RISKS WHEN DOING THIS.
[00:50:36] [Server thread/WARN]: FOR MORE INFORMATION, SEE https://madelinemiller.dev/blog/root-minecraft-server/
[00:50:36] [Server thread/WARN]: ****************************
[00:50:36] [Server thread/INFO]: Loading properties
[00:50:37] [Server thread/INFO]: This server is running Paper version git-Paper-408 (MC: 1.17.1) (Implementing API version 1.17.1-R0.1-SNAPSHOT) (Git: cc43ba7 on ver/1.17.1)
[00:50:37] [Server thread/INFO]: Server Ping Player Sample Count: 12
[00:50:37] [Server thread/INFO]: Using 4 threads for Netty based IO
[00:50:37] [Server thread/INFO]: Default game type: SURVIVAL
[00:50:37] [Server thread/INFO]: Generating keypair
[00:50:37] [Server thread/INFO]: Starting Minecraft server on *:25565
[00:50:37] [Server thread/INFO]: Using epoll channel type
[00:50:37] [Server thread/INFO]: Paper: Using libdeflate (Linux x86_64) compression from Velocity.
[00:50:37] [Server thread/INFO]: Paper: Using OpenSSL 1.1.x (Linux x86_64) cipher from Velocity.
[00:50:37] [Server thread/INFO]: Preparing level "world"
[00:50:44] [Server thread/WARN]: Unable to find spawn biome
[00:50:46] [Server thread/WARN]: Unable to find spawn biome
[00:50:47] [Server thread/INFO]: Preparing start region for dimension minecraft:overworld
[00:50:49] [Worker-Main-1/INFO]: Preparing spawn area: 0%
[00:50:49] [Worker-Main-1/INFO]: Preparing spawn area: 0%
[00:50:49] [Worker-Main-1/INFO]: Preparing spawn area: 0%
[00:50:49] [Worker-Main-1/INFO]: Preparing spawn area: 0%
[00:50:49] [Worker-Main-1/INFO]: Preparing spawn area: 0%
[00:50:50] [Server thread/INFO]: Time elapsed: 2442 ms
[00:50:50] [Server thread/INFO]: Preparing start region for dimension minecraft:the_nether
[00:50:52] [Server thread/INFO]: Time elapsed: 1711 ms
[00:50:52] [Server thread/INFO]: Preparing start region for dimension minecraft:the_end
[00:50:53] [Server thread/INFO]: Time elapsed: 1346 ms
[00:50:53] [Server thread/INFO]: Running delayed init tasks
[00:50:53] [Server thread/INFO]: Done (16.729s)! For help, type "help"
[00:50:53] [Server thread/INFO]: Timings Reset
